This file contains any messages produced by compilers while
running configure, to aid debugging if configure makes a mistake.

It was created by SOLID configure 3.5, which was
generated by GNU Autoconf 2.59.  Invocation command line was

  $ ./configure --prefix=/users/antonk/testSOLIDcommit/utils/geom/CD-libs/solid-3.5.6 --exec-prefix=/users/antonk/testSOLIDcommit/utils/geom/CD-libs/solid-3.5.6

## --------- ##
## Platform. ##
## --------- ##

hostname = matlock
uname -m = i686
uname -r = 2.6.18-164.11.1.el5
uname -s = Linux
uname -v = #1 SMP Wed Jan 20 07:39:04 EST 2010

/usr/bin/uname -p = unknown
/bin/uname -X     = unknown

/bin/arch              = i686
/usr/bin/arch -k       = unknown
/usr/convex/getsysinfo = unknown
hostinfo               = unknown
/bin/machine           = unknown
/usr/bin/oslevel       = unknown
/bin/universe          = unknown

PATH: /usr/lib/qt-3.3/bin
PATH: /usr/kerberos/bin
PATH: /usr/lib/ccache/bin
PATH: /usr/local/bin
PATH: /bin
PATH: /usr/bin
PATH: /usr/X11R6/bin
PATH: /users/antonk/bin


## ----------- ##
## Core tests. ##
## ----------- ##

configure:1557: checking for a BSD-compatible install
configure:1612: result: /usr/bin/install -c
configure:1623: checking whether build environment is sane
configure:1666: result: yes
configure:1731: checking for gawk
configure:1747: found /bin/gawk
configure:1757: result: gawk
configure:1767: checking whether make sets $(MAKE)
configure:1787: result: yes
configure:2009: checking for g++
configure:2025: found /usr/lib/ccache/bin/g++
configure:2035: result: g++
configure:2051: checking for C++ compiler version
configure:2054: g++ --version </dev/null >&5
g++ (GCC) 4.1.2 20080704 (Red Hat 4.1.2-46)
Copyright (C) 2006 Free Software Foundation, Inc.
This is free software; see the source for copying conditions.  There is NO
warranty; not even for MERCHANTABILITY or FITNESS FOR A PARTICULAR PURPOSE.

configure:2057: $? = 0
configure:2059: g++ -v </dev/null >&5
Using built-in specs.
Target: i386-redhat-linux
Configured with: ../configure --prefix=/usr --mandir=/usr/share/man --infodir=/usr/share/info --enable-shared --enable-threads=posix --enable-checking=release --with-system-zlib --enable-__cxa_atexit --disable-libunwind-exceptions --enable-libgcj-multifile --enable-languages=c,c++,objc,obj-c++,java,fortran,ada --enable-java-awt=gtk --disable-dssi --enable-plugin --with-java-home=/usr/lib/jvm/java-1.4.2-gcj-1.4.2.0/jre --with-cpu=generic --host=i386-redhat-linux
Thread model: posix
gcc version 4.1.2 20080704 (Red Hat 4.1.2-46)
configure:2062: $? = 0
configure:2064: g++ -V </dev/null >&5
g++: '-V' option must have argument
configure:2067: $? = 1
configure:2090: checking for C++ compiler default output file name
configure:2093: g++    conftest.cc  >&5
configure:2096: $? = 0
configure:2142: result: a.out
configure:2147: checking whether the C++ compiler works
configure:2153: ./a.out
configure:2156: $? = 0
configure:2173: result: yes
configure:2180: checking whether we are cross compiling
configure:2182: result: no
configure:2185: checking for suffix of executables
configure:2187: g++ -o conftest    conftest.cc  >&5
configure:2190: $? = 0
configure:2215: result: 
configure:2221: checking for suffix of object files
configure:2242: g++ -c   conftest.cc >&5
configure:2245: $? = 0
configure:2267: result: o
configure:2271: checking whether we are using the GNU C++ compiler
configure:2295: g++ -c   conftest.cc >&5
configure:2301: $? = 0
configure:2305: test -z 
			 || test ! -s conftest.err
configure:2308: $? = 0
configure:2311: test -s conftest.o
configure:2314: $? = 0
configure:2327: result: yes
configure:2333: checking whether g++ accepts -g
configure:2354: g++ -c -g  conftest.cc >&5
configure:2360: $? = 0
configure:2364: test -z 
			 || test ! -s conftest.err
configure:2367: $? = 0
configure:2370: test -s conftest.o
configure:2373: $? = 0
configure:2384: result: yes
configure:2426: g++ -c -g -O2  conftest.cc >&5
configure:2432: $? = 0
configure:2436: test -z 
			 || test ! -s conftest.err
configure:2439: $? = 0
configure:2442: test -s conftest.o
configure:2445: $? = 0
configure:2471: g++ -c -g -O2  conftest.cc >&5
conftest.cc: In function 'int main()':
conftest.cc:15: error: 'exit' was not declared in this scope
configure:2477: $? = 1
configure: failed program was:
| /* confdefs.h.  */
| 
| #define PACKAGE_NAME "SOLID"
| #define PACKAGE_TARNAME "solid"
| #define PACKAGE_VERSION "3.5"
| #define PACKAGE_STRING "SOLID 3.5"
| #define PACKAGE_BUGREPORT ""
| #define PACKAGE "solid"
| #define VERSION "3.5"
| /* end confdefs.h.  */
| 
| int
| main ()
| {
| exit (42);
|   ;
|   return 0;
| }
configure:2426: g++ -c -g -O2  conftest.cc >&5
configure:2432: $? = 0
configure:2436: test -z 
			 || test ! -s conftest.err
configure:2439: $? = 0
configure:2442: test -s conftest.o
configure:2445: $? = 0
configure:2471: g++ -c -g -O2  conftest.cc >&5
configure:2477: $? = 0
configure:2481: test -z 
			 || test ! -s conftest.err
configure:2484: $? = 0
configure:2487: test -s conftest.o
configure:2490: $? = 0
configure:2524: checking for style of include used by make
configure:2552: result: GNU
configure:2580: checking dependency style of g++
configure:2670: result: gcc3
configure:2733: checking for gcc
configure:2749: found /usr/lib/ccache/bin/gcc
configure:2759: result: gcc
configure:3003: checking for C compiler version
configure:3006: gcc --version </dev/null >&5
gcc (GCC) 4.1.2 20080704 (Red Hat 4.1.2-46)
Copyright (C) 2006 Free Software Foundation, Inc.
This is free software; see the source for copying conditions.  There is NO
warranty; not even for MERCHANTABILITY or FITNESS FOR A PARTICULAR PURPOSE.

configure:3009: $? = 0
configure:3011: gcc -v </dev/null >&5
Using built-in specs.
Target: i386-redhat-linux
Configured with: ../configure --prefix=/usr --mandir=/usr/share/man --infodir=/usr/share/info --enable-shared --enable-threads=posix --enable-checking=release --with-system-zlib --enable-__cxa_atexit --disable-libunwind-exceptions --enable-libgcj-multifile --enable-languages=c,c++,objc,obj-c++,java,fortran,ada --enable-java-awt=gtk --disable-dssi --enable-plugin --with-java-home=/usr/lib/jvm/java-1.4.2-gcj-1.4.2.0/jre --with-cpu=generic --host=i386-redhat-linux
Thread model: posix
gcc version 4.1.2 20080704 (Red Hat 4.1.2-46)
configure:3014: $? = 0
configure:3016: gcc -V </dev/null >&5
gcc: '-V' option must have argument
configure:3019: $? = 1
configure:3022: checking whether we are using the GNU C compiler
configure:3046: gcc -c   conftest.c >&5
configure:3052: $? = 0
configure:3056: test -z 
			 || test ! -s conftest.err
configure:3059: $? = 0
configure:3062: test -s conftest.o
configure:3065: $? = 0
configure:3078: result: yes
configure:3084: checking whether gcc accepts -g
configure:3105: gcc -c -g  conftest.c >&5
configure:3111: $? = 0
configure:3115: test -z 
			 || test ! -s conftest.err
configure:3118: $? = 0
configure:3121: test -s conftest.o
configure:3124: $? = 0
configure:3135: result: yes
configure:3152: checking for gcc option to accept ANSI C
configure:3222: gcc  -c -g -O2  conftest.c >&5
configure:3228: $? = 0
configure:3232: test -z 
			 || test ! -s conftest.err
configure:3235: $? = 0
configure:3238: test -s conftest.o
configure:3241: $? = 0
configure:3259: result: none needed
configure:3277: gcc -c -g -O2  conftest.c >&5
conftest.c:2: error: expected '=', ',', ';', 'asm' or '__attribute__' before 'me'
configure:3283: $? = 1
configure: failed program was:
| #ifndef __cplusplus
|   choke me
| #endif
configure:3418: checking dependency style of gcc
configure:3508: result: gcc3
configure:3538: checking for a BSD-compatible install
configure:3593: result: /usr/bin/install -c
configure:3682: checking build system type
configure:3700: result: i686-pc-linux
configure:3708: checking host system type
configure:3722: result: i686-pc-linux
configure:3730: checking for a sed that does not truncate output
configure:3784: result: /bin/sed
configure:3787: checking for egrep
configure:3797: result: grep -E
configure:3813: checking for ld used by gcc
configure:3880: result: /usr/bin/ld
configure:3889: checking if the linker (/usr/bin/ld) is GNU ld
configure:3904: result: yes
configure:3909: checking for /usr/bin/ld option to reload object files
configure:3916: result: -r
configure:3934: checking for BSD-compatible nm
configure:3983: result: /usr/bin/nm -B
configure:3987: checking whether ln -s works
configure:3991: result: yes
configure:3998: checking how to recognise dependent libraries
configure:4174: result: pass_all
configure:4411: checking how to run the C preprocessor
configure:4446: gcc -E  conftest.c
configure:4452: $? = 0
configure:4484: gcc -E  conftest.c
conftest.c:14:28: error: ac_nonexistent.h: No such file or directory
configure:4490: $? = 1
configure: failed program was:
| /* confdefs.h.  */
| 
| #define PACKAGE_NAME "SOLID"
| #define PACKAGE_TARNAME "solid"
| #define PACKAGE_VERSION "3.5"
| #define PACKAGE_STRING "SOLID 3.5"
| #define PACKAGE_BUGREPORT ""
| #define PACKAGE "solid"
| #define VERSION "3.5"
| #ifdef __cplusplus
| extern "C" void std::exit (int) throw (); using std::exit;
| #endif
| /* end confdefs.h.  */
| #include <ac_nonexistent.h>
configure:4529: result: gcc -E
configure:4553: gcc -E  conftest.c
configure:4559: $? = 0
configure:4591: gcc -E  conftest.c
conftest.c:14:28: error: ac_nonexistent.h: No such file or directory
configure:4597: $? = 1
configure: failed program was:
| /* confdefs.h.  */
| 
| #define PACKAGE_NAME "SOLID"
| #define PACKAGE_TARNAME "solid"
| #define PACKAGE_VERSION "3.5"
| #define PACKAGE_STRING "SOLID 3.5"
| #define PACKAGE_BUGREPORT ""
| #define PACKAGE "solid"
| #define VERSION "3.5"
| #ifdef __cplusplus
| extern "C" void std::exit (int) throw (); using std::exit;
| #endif
| /* end confdefs.h.  */
| #include <ac_nonexistent.h>
configure:4641: checking for ANSI C header files
configure:4666: gcc -c -g -O2  conftest.c >&5
configure:4672: $? = 0
configure:4676: test -z 
			 || test ! -s conftest.err
configure:4679: $? = 0
configure:4682: test -s conftest.o
configure:4685: $? = 0
configure:4774: gcc -o conftest -g -O2   conftest.c  >&5
conftest.c: In function 'main':
conftest.c:31: warning: incompatible implicit declaration of built-in function 'exit'
configure:4777: $? = 0
configure:4779: ./conftest
configure:4782: $? = 0
configure:4797: result: yes
configure:4821: checking for sys/types.h
configure:4837: gcc -c -g -O2  conftest.c >&5
configure:4843: $? = 0
configure:4847: test -z 
			 || test ! -s conftest.err
configure:4850: $? = 0
configure:4853: test -s conftest.o
configure:4856: $? = 0
configure:4867: result: yes
configure:4821: checking for sys/stat.h
configure:4837: gcc -c -g -O2  conftest.c >&5
configure:4843: $? = 0
configure:4847: test -z 
			 || test ! -s conftest.err
configure:4850: $? = 0
configure:4853: test -s conftest.o
configure:4856: $? = 0
configure:4867: result: yes
configure:4821: checking for stdlib.h
configure:4837: gcc -c -g -O2  conftest.c >&5
configure:4843: $? = 0
configure:4847: test -z 
			 || test ! -s conftest.err
configure:4850: $? = 0
configure:4853: test -s conftest.o
configure:4856: $? = 0
configure:4867: result: yes
configure:4821: checking for string.h
configure:4837: gcc -c -g -O2  conftest.c >&5
configure:4843: $? = 0
configure:4847: test -z 
			 || test ! -s conftest.err
configure:4850: $? = 0
configure:4853: test -s conftest.o
configure:4856: $? = 0
configure:4867: result: yes
configure:4821: checking for memory.h
configure:4837: gcc -c -g -O2  conftest.c >&5
configure:4843: $? = 0
configure:4847: test -z 
			 || test ! -s conftest.err
configure:4850: $? = 0
configure:4853: test -s conftest.o
configure:4856: $? = 0
configure:4867: result: yes
configure:4821: checking for strings.h
configure:4837: gcc -c -g -O2  conftest.c >&5
configure:4843: $? = 0
configure:4847: test -z 
			 || test ! -s conftest.err
configure:4850: $? = 0
configure:4853: test -s conftest.o
configure:4856: $? = 0
configure:4867: result: yes
configure:4821: checking for inttypes.h
configure:4837: gcc -c -g -O2  conftest.c >&5
configure:4843: $? = 0
configure:4847: test -z 
			 || test ! -s conftest.err
configure:4850: $? = 0
configure:4853: test -s conftest.o
configure:4856: $? = 0
configure:4867: result: yes
configure:4821: checking for stdint.h
configure:4837: gcc -c -g -O2  conftest.c >&5
configure:4843: $? = 0
configure:4847: test -z 
			 || test ! -s conftest.err
configure:4850: $? = 0
configure:4853: test -s conftest.o
configure:4856: $? = 0
configure:4867: result: yes
configure:4821: checking for unistd.h
configure:4837: gcc -c -g -O2  conftest.c >&5
configure:4843: $? = 0
configure:4847: test -z 
			 || test ! -s conftest.err
configure:4850: $? = 0
configure:4853: test -s conftest.o
configure:4856: $? = 0
configure:4867: result: yes
configure:4893: checking dlfcn.h usability
configure:4905: gcc -c -g -O2  conftest.c >&5
configure:4911: $? = 0
configure:4915: test -z 
			 || test ! -s conftest.err
configure:4918: $? = 0
configure:4921: test -s conftest.o
configure:4924: $? = 0
configure:4934: result: yes
configure:4938: checking dlfcn.h presence
configure:4948: gcc -E  conftest.c
configure:4954: $? = 0
configure:4974: result: yes
configure:5009: checking for dlfcn.h
configure:5016: result: yes
configure:5039: checking how to run the C++ preprocessor
configure:5070: g++ -E  conftest.cc
configure:5076: $? = 0
configure:5108: g++ -E  conftest.cc
conftest.cc:25:28: error: ac_nonexistent.h: No such file or directory
configure:5114: $? = 1
configure: failed program was:
| /* confdefs.h.  */
| 
| #define PACKAGE_NAME "SOLID"
| #define PACKAGE_TARNAME "solid"
| #define PACKAGE_VERSION "3.5"
| #define PACKAGE_STRING "SOLID 3.5"
| #define PACKAGE_BUGREPORT ""
| #define PACKAGE "solid"
| #define VERSION "3.5"
| #ifdef __cplusplus
| extern "C" void std::exit (int) throw (); using std::exit;
| #endif
| #define STDC_HEADERS 1
| #define HAVE_SYS_TYPES_H 1
| #define HAVE_SYS_STAT_H 1
| #define HAVE_STDLIB_H 1
| #define HAVE_STRING_H 1
| #define HAVE_MEMORY_H 1
| #define HAVE_STRINGS_H 1
| #define HAVE_INTTYPES_H 1
| #define HAVE_STDINT_H 1
| #define HAVE_UNISTD_H 1
| #define HAVE_DLFCN_H 1
| /* end confdefs.h.  */
| #include <ac_nonexistent.h>
configure:5153: result: g++ -E
configure:5177: g++ -E  conftest.cc
configure:5183: $? = 0
configure:5215: g++ -E  conftest.cc
conftest.cc:25:28: error: ac_nonexistent.h: No such file or directory
configure:5221: $? = 1
configure: failed program was:
| /* confdefs.h.  */
| 
| #define PACKAGE_NAME "SOLID"
| #define PACKAGE_TARNAME "solid"
| #define PACKAGE_VERSION "3.5"
| #define PACKAGE_STRING "SOLID 3.5"
| #define PACKAGE_BUGREPORT ""
| #define PACKAGE "solid"
| #define VERSION "3.5"
| #ifdef __cplusplus
| extern "C" void std::exit (int) throw (); using std::exit;
| #endif
| #define STDC_HEADERS 1
| #define HAVE_SYS_TYPES_H 1
| #define HAVE_SYS_STAT_H 1
| #define HAVE_STDLIB_H 1
| #define HAVE_STRING_H 1
| #define HAVE_MEMORY_H 1
| #define HAVE_STRINGS_H 1
| #define HAVE_INTTYPES_H 1
| #define HAVE_STDINT_H 1
| #define HAVE_UNISTD_H 1
| #define HAVE_DLFCN_H 1
| /* end confdefs.h.  */
| #include <ac_nonexistent.h>
configure:5318: checking for g77
configure:5334: found /usr/bin/g77
configure:5344: result: g77
configure:5359: checking for Fortran 77 compiler version
configure:5362: g77 --version </dev/null >&5
GNU Fortran (GCC) 3.4.6 20060404 (Red Hat 3.4.6-4)
Copyright (C) 2006 Free Software Foundation, Inc.

GNU Fortran comes with NO WARRANTY, to the extent permitted by law.
You may redistribute copies of GNU Fortran
under the terms of the GNU General Public License.
For more information about these matters, see the file named COPYING
or type the command `info -f g77 Copying'.
configure:5365: $? = 0
configure:5367: g77 -v </dev/null >&5
Reading specs from /usr/lib/gcc/i386-redhat-linux/3.4.6/specs
Configured with: ../configure --prefix=/usr --mandir=/usr/share/man --infodir=/usr/share/info --enable-shared --enable-threads=posix --disable-checking --with-system-zlib --enable-__cxa_atexit --disable-libunwind-exceptions --enable-languages=c,c++,f77 --disable-libgcj --host=i386-redhat-linux
Thread model: posix
gcc version 3.4.6 20060404 (Red Hat 3.4.6-4)
configure:5370: $? = 0
configure:5372: g77 -V </dev/null >&5
g77: `-V' option must have argument
configure:5375: $? = 1
configure:5383: checking whether we are using the GNU Fortran 77 compiler
configure:5397: g77 -c  conftest.F >&5
configure:5403: $? = 0
configure:5407: test -z 
			 || test ! -s conftest.err
configure:5410: $? = 0
configure:5413: test -s conftest.o
configure:5416: $? = 0
configure:5429: result: yes
configure:5435: checking whether g77 accepts -g
configure:5447: g77 -c -g conftest.f >&5
configure:5453: $? = 0
configure:5457: test -z 
			 || test ! -s conftest.err
configure:5460: $? = 0
configure:5463: test -s conftest.o
configure:5466: $? = 0
configure:5478: result: yes
configure:5508: checking the maximum length of command line arguments
configure:5617: result: 32768
configure:5628: checking command to parse /usr/bin/nm -B output from gcc object
configure:5733: gcc -c -g -O2  conftest.c >&5
configure:5736: $? = 0
configure:5740: /usr/bin/nm -B conftest.o \| sed -n -e 's/^.*[ 	]\([ABCDGIRSTW][ABCDGIRSTW]*\)[ 	][ 	]*\([_A-Za-z][_A-Za-z0-9]*\)$/\1 \2 \2/p' \> conftest.nm
configure:5743: $? = 0
configure:5795: gcc -o conftest -g -O2   conftest.c conftstm.o >&5
configure:5798: $? = 0
configure:5836: result: ok
configure:5840: checking for objdir
configure:5855: result: .libs
configure:5945: checking for ar
configure:5961: found /usr/bin/ar
configure:5972: result: ar
configure:6025: checking for ranlib
configure:6041: found /usr/bin/ranlib
configure:6052: result: ranlib
configure:6105: checking for strip
configure:6121: found /usr/bin/strip
configure:6132: result: strip
configure:6404: checking if gcc supports -fno-rtti -fno-exceptions
configure:6422: gcc -c -g -O2  -fno-rtti -fno-exceptions conftest.c >&5
cc1: warning: command line option "-fno-rtti" is valid for C++/ObjC++ but not for C
cc1: warning: command line option "-fno-rtti" is valid for C++/ObjC++ but not for C
configure:6426: $? = 0
configure:6439: result: no
configure:6454: checking for gcc option to produce PIC
configure:6664: result: -fPIC
configure:6672: checking if gcc PIC flag -fPIC works
configure:6690: gcc -c -g -O2  -fPIC -DPIC conftest.c >&5
configure:6694: $? = 0
configure:6707: result: yes
configure:6735: checking if gcc static flag -static works
configure:6763: result: yes
configure:6773: checking if gcc supports -c -o file.o
configure:6794: gcc -c -g -O2  -o out/conftest2.o conftest.c >&5
configure:6798: $? = 0
configure:6820: result: yes
configure:6846: checking whether the gcc linker (/usr/bin/ld) supports shared libraries
configure:7804: result: yes
configure:7825: checking whether -lc should be explicitly linked in
configure:7830: gcc -c -g -O2  conftest.c >&5
configure:7833: $? = 0
configure:7848: gcc -shared conftest.o  -v -Wl,-soname -Wl,conftest -o conftest 2\>\&1 \| grep  -lc  \>/dev/null 2\>\&1
configure:7851: $? = 0
configure:7863: result: no
configure:7871: checking dynamic linker characteristics
configure:8459: result: GNU/Linux ld.so
configure:8468: checking how to hardcode library paths into programs
configure:8493: result: immediate
configure:8507: checking whether stripping libraries is possible
configure:8512: result: yes
configure:9346: checking if libtool supports shared libraries
configure:9348: result: yes
configure:9351: checking whether to build shared libraries
configure:9372: result: yes
configure:9375: checking whether to build static libraries
configure:9379: result: yes
configure:9471: creating libtool
configure:10059: checking for ld used by g++
configure:10126: result: /usr/bin/ld
configure:10135: checking if the linker (/usr/bin/ld) is GNU ld
configure:10150: result: yes
configure:10201: checking whether the g++ linker (/usr/bin/ld) supports shared libraries
configure:11139: result: yes
configure:11157: g++ -c -g -O2  conftest.cpp >&5
configure:11160: $? = 0
configure:11279: checking for g++ option to produce PIC
configure:11553: result: -fPIC
configure:11561: checking if g++ PIC flag -fPIC works
configure:11579: g++ -c -g -O2  -fPIC -DPIC conftest.cpp >&5
configure:11583: $? = 0
configure:11596: result: yes
configure:11624: checking if g++ static flag -static works
configure:11652: result: yes
configure:11662: checking if g++ supports -c -o file.o
configure:11683: g++ -c -g -O2  -o out/conftest2.o conftest.cpp >&5
configure:11687: $? = 0
configure:11709: result: yes
configure:11735: checking whether the g++ linker (/usr/bin/ld) supports shared libraries
configure:11760: result: yes
configure:11827: checking dynamic linker characteristics
configure:12415: result: GNU/Linux ld.so
configure:12424: checking how to hardcode library paths into programs
configure:12449: result: immediate
configure:12975: checking if libtool supports shared libraries
configure:12977: result: yes
configure:12980: checking whether to build shared libraries
configure:13000: result: yes
configure:13003: checking whether to build static libraries
configure:13007: result: yes
configure:13017: checking for g77 option to produce PIC
configure:13227: result: -fPIC
configure:13235: checking if g77 PIC flag -fPIC works
configure:13253: g77 -c -g -O2 -fPIC conftest.f >&5
configure:13257: $? = 0
configure:13270: result: yes
configure:13298: checking if g77 static flag -static works
configure:13326: result: yes
configure:13336: checking if g77 supports -c -o file.o
configure:13357: g77 -c -g -O2 -o out/conftest2.o conftest.f >&5
configure:13361: $? = 0
configure:13383: result: yes
configure:13409: checking whether the g77 linker (/usr/bin/ld) supports shared libraries
configure:14347: result: yes
configure:14414: checking dynamic linker characteristics
configure:15002: result: GNU/Linux ld.so
configure:15011: checking how to hardcode library paths into programs
configure:15036: result: immediate
configure:18600: checking whether to use double-precision floating-point numbers
configure:18616: result: no
configure:18621: checking whether to use a rounding error tracer
configure:18637: result: no
configure:18642: checking whether to enable debugging
configure:18660: result: no
configure:18665: checking for glutInit in -lglut
configure:18695: gcc -o conftest -O2 -fno-gcse -DNDEBUG   conftest.c -lglut   >&5
configure:18701: $? = 0
configure:18705: test -z 
			 || test ! -s conftest.err
configure:18708: $? = 0
configure:18711: test -s conftest
configure:18714: $? = 0
configure:18727: result: yes
configure:18754: checking qhull/qhull_a.h usability
configure:18766: gcc -c -O2 -fno-gcse -DNDEBUG  conftest.c >&5
conftest.c:60:27: error: qhull/qhull_a.h: No such file or directory
configure:18772: $? = 1
configure: failed program was:
| /* confdefs.h.  */
| 
| #define PACKAGE_NAME "SOLID"
| #define PACKAGE_TARNAME "solid"
| #define PACKAGE_VERSION "3.5"
| #define PACKAGE_STRING "SOLID 3.5"
| #define PACKAGE_BUGREPORT ""
| #define PACKAGE "solid"
| #define VERSION "3.5"
| #ifdef __cplusplus
| extern "C" void std::exit (int) throw (); using std::exit;
| #endif
| #define STDC_HEADERS 1
| #define HAVE_SYS_TYPES_H 1
| #define HAVE_SYS_STAT_H 1
| #define HAVE_STDLIB_H 1
| #define HAVE_STRING_H 1
| #define HAVE_MEMORY_H 1
| #define HAVE_STRINGS_H 1
| #define HAVE_INTTYPES_H 1
| #define HAVE_STDINT_H 1
| #define HAVE_UNISTD_H 1
| #define HAVE_DLFCN_H 1
| #define HAVE_LIBGLUT 1
| /* end confdefs.h.  */
| #include <stdio.h>
| #if HAVE_SYS_TYPES_H
| # include <sys/types.h>
| #endif
| #if HAVE_SYS_STAT_H
| # include <sys/stat.h>
| #endif
| #if STDC_HEADERS
| # include <stdlib.h>
| # include <stddef.h>
| #else
| # if HAVE_STDLIB_H
| #  include <stdlib.h>
| # endif
| #endif
| #if HAVE_STRING_H
| # if !STDC_HEADERS && HAVE_MEMORY_H
| #  include <memory.h>
| # endif
| # include <string.h>
| #endif
| #if HAVE_STRINGS_H
| # include <strings.h>
| #endif
| #if HAVE_INTTYPES_H
| # include <inttypes.h>
| #else
| # if HAVE_STDINT_H
| #  include <stdint.h>
| # endif
| #endif
| #if HAVE_UNISTD_H
| # include <unistd.h>
| #endif
| #include <qhull/qhull_a.h>
configure:18795: result: no
configure:18799: checking qhull/qhull_a.h presence
configure:18809: gcc -E  conftest.c
conftest.c:26:27: error: qhull/qhull_a.h: No such file or directory
configure:18815: $? = 1
configure: failed program was:
| /* confdefs.h.  */
| 
| #define PACKAGE_NAME "SOLID"
| #define PACKAGE_TARNAME "solid"
| #define PACKAGE_VERSION "3.5"
| #define PACKAGE_STRING "SOLID 3.5"
| #define PACKAGE_BUGREPORT ""
| #define PACKAGE "solid"
| #define VERSION "3.5"
| #ifdef __cplusplus
| extern "C" void std::exit (int) throw (); using std::exit;
| #endif
| #define STDC_HEADERS 1
| #define HAVE_SYS_TYPES_H 1
| #define HAVE_SYS_STAT_H 1
| #define HAVE_STDLIB_H 1
| #define HAVE_STRING_H 1
| #define HAVE_MEMORY_H 1
| #define HAVE_STRINGS_H 1
| #define HAVE_INTTYPES_H 1
| #define HAVE_STDINT_H 1
| #define HAVE_UNISTD_H 1
| #define HAVE_DLFCN_H 1
| #define HAVE_LIBGLUT 1
| /* end confdefs.h.  */
| #include <qhull/qhull_a.h>
configure:18835: result: no
configure:18870: checking for qhull/qhull_a.h
configure:18877: result: no
configure:18890: checking for qh_qhull in -lqhull
configure:18920: gcc -o conftest -O2 -fno-gcse -DNDEBUG   conftest.c -lqhull  -lglut  >&5
/usr/bin/ld: cannot find -lqhull
collect2: ld returned 1 exit status
configure:18926: $? = 1
configure: failed program was:
| /* confdefs.h.  */
| 
| #define PACKAGE_NAME "SOLID"
| #define PACKAGE_TARNAME "solid"
| #define PACKAGE_VERSION "3.5"
| #define PACKAGE_STRING "SOLID 3.5"
| #define PACKAGE_BUGREPORT ""
| #define PACKAGE "solid"
| #define VERSION "3.5"
| #ifdef __cplusplus
| extern "C" void std::exit (int) throw (); using std::exit;
| #endif
| #define STDC_HEADERS 1
| #define HAVE_SYS_TYPES_H 1
| #define HAVE_SYS_STAT_H 1
| #define HAVE_STDLIB_H 1
| #define HAVE_STRING_H 1
| #define HAVE_MEMORY_H 1
| #define HAVE_STRINGS_H 1
| #define HAVE_INTTYPES_H 1
| #define HAVE_STDINT_H 1
| #define HAVE_UNISTD_H 1
| #define HAVE_DLFCN_H 1
| #define HAVE_LIBGLUT 1
| /* end confdefs.h.  */
| 
| /* Override any gcc2 internal prototype to avoid an error.  */
| #ifdef __cplusplus
| extern "C"
| #endif
| /* We use char because int might match the return type of a gcc2
|    builtin and then its argument prototype would still apply.  */
| char qh_qhull ();
| int
| main ()
| {
| qh_qhull ();
|   ;
|   return 0;
| }
configure:18952: result: no
configure:18966: checking for ANSI C header files
configure:19122: result: yes
configure:19149: checking float.h usability
configure:19161: gcc -c -O2 -fno-gcse -DNDEBUG  conftest.c >&5
configure:19167: $? = 0
configure:19171: test -z 
			 || test ! -s conftest.err
configure:19174: $? = 0
configure:19177: test -s conftest.o
configure:19180: $? = 0
configure:19190: result: yes
configure:19194: checking float.h presence
configure:19204: gcc -E  conftest.c
configure:19210: $? = 0
configure:19230: result: yes
configure:19265: checking for float.h
configure:19272: result: yes
configure:19149: checking limits.h usability
configure:19161: gcc -c -O2 -fno-gcse -DNDEBUG  conftest.c >&5
configure:19167: $? = 0
configure:19171: test -z 
			 || test ! -s conftest.err
configure:19174: $? = 0
configure:19177: test -s conftest.o
configure:19180: $? = 0
configure:19190: result: yes
configure:19194: checking limits.h presence
configure:19204: gcc -E  conftest.c
configure:19210: $? = 0
configure:19230: result: yes
configure:19265: checking for limits.h
configure:19272: result: yes
configure:19140: checking for stdlib.h
configure:19145: result: yes
configure:19140: checking for string.h
configure:19145: result: yes
configure:19287: checking for stdbool.h that conforms to C99
configure:19340: gcc -c -O2 -fno-gcse -DNDEBUG  conftest.c >&5
configure:19346: $? = 0
configure:19350: test -z 
			 || test ! -s conftest.err
configure:19353: $? = 0
configure:19356: test -s conftest.o
configure:19359: $? = 0
configure:19370: result: yes
configure:19372: checking for _Bool
configure:19396: gcc -c -O2 -fno-gcse -DNDEBUG  conftest.c >&5
configure:19402: $? = 0
configure:19406: test -z 
			 || test ! -s conftest.err
configure:19409: $? = 0
configure:19412: test -s conftest.o
configure:19415: $? = 0
configure:19426: result: yes
configure:19445: checking for an ANSI C-conforming const
configure:19512: gcc -c -O2 -fno-gcse -DNDEBUG  conftest.c >&5
configure:19518: $? = 0
configure:19522: test -z 
			 || test ! -s conftest.err
configure:19525: $? = 0
configure:19528: test -s conftest.o
configure:19531: $? = 0
configure:19542: result: yes
configure:19552: checking for inline
configure:19573: gcc -c -O2 -fno-gcse -DNDEBUG  conftest.c >&5
configure:19579: $? = 0
configure:19583: test -z 
			 || test ! -s conftest.err
configure:19586: $? = 0
configure:19589: test -s conftest.o
configure:19592: $? = 0
configure:19604: result: inline
configure:19623: checking for size_t
configure:19647: gcc -c -O2 -fno-gcse -DNDEBUG  conftest.c >&5
configure:19653: $? = 0
configure:19657: test -z 
			 || test ! -s conftest.err
configure:19660: $? = 0
configure:19663: test -s conftest.o
configure:19666: $? = 0
configure:19677: result: yes
configure:19696: checking for memset
configure:19753: gcc -o conftest -O2 -fno-gcse -DNDEBUG   conftest.c -lglut  >&5
conftest.c:57: warning: conflicting types for built-in function 'memset'
configure:19759: $? = 0
configure:19763: test -z 
			 || test ! -s conftest.err
configure:19766: $? = 0
configure:19769: test -s conftest
configure:19772: $? = 0
configure:19784: result: yes
configure:19696: checking for sqrt
configure:19753: gcc -o conftest -O2 -fno-gcse -DNDEBUG   conftest.c -lglut  >&5
conftest.c:58: warning: conflicting types for built-in function 'sqrt'
configure:19759: $? = 0
configure:19763: test -z 
			 || test ! -s conftest.err
configure:19766: $? = 0
configure:19769: test -s conftest
configure:19772: $? = 0
configure:19784: result: yes
configure:19913: creating ./config.status

## ---------------------- ##
## Running config.status. ##
## ---------------------- ##

This file was extended by SOLID config.status 3.5, which was
generated by GNU Autoconf 2.59.  Invocation command line was

  CONFIG_FILES    = 
  CONFIG_HEADERS  = 
  CONFIG_LINKS    = 
  CONFIG_COMMANDS = 
  $ ./config.status 

on matlock

config.status:726: creating Makefile
config.status:726: creating doc/Makefile
config.status:726: creating src/broad/Makefile
config.status:726: creating src/convex/Makefile
config.status:726: creating src/complex/Makefile
config.status:726: creating src/qhull/Makefile
config.status:726: creating src/Makefile
config.status:726: creating include/Makefile
config.status:726: creating examples/dynamics/Makefile
config.status:726: creating examples/Makefile
config.status:830: creating include/config.h
config.status:958: include/config.h is unchanged
config.status:1138: executing depfiles commands

## ---------------- ##
## Cache variables. ##
## ---------------- ##

ac_cv_build=i686-pc-linux
ac_cv_build_alias=i686-pc-linux
ac_cv_c_compiler_gnu=yes
ac_cv_c_const=yes
ac_cv_c_inline=inline
ac_cv_cxx_compiler_gnu=yes
ac_cv_env_CC_set=
ac_cv_env_CC_value=
ac_cv_env_CFLAGS_set=
ac_cv_env_CFLAGS_value=
ac_cv_env_CPPFLAGS_set=
ac_cv_env_CPPFLAGS_value=
ac_cv_env_CPP_set=
ac_cv_env_CPP_value=
ac_cv_env_CXXCPP_set=
ac_cv_env_CXXCPP_value=
ac_cv_env_CXXFLAGS_set=
ac_cv_env_CXXFLAGS_value=
ac_cv_env_CXX_set=
ac_cv_env_CXX_value=
ac_cv_env_F77_set=
ac_cv_env_F77_value=
ac_cv_env_FFLAGS_set=
ac_cv_env_FFLAGS_value=
ac_cv_env_LDFLAGS_set=
ac_cv_env_LDFLAGS_value=
ac_cv_env_build_alias_set=
ac_cv_env_build_alias_value=
ac_cv_env_host_alias_set=
ac_cv_env_host_alias_value=
ac_cv_env_target_alias_set=
ac_cv_env_target_alias_value=
ac_cv_exeext=
ac_cv_f77_compiler_gnu=yes
ac_cv_func_memset=yes
ac_cv_func_sqrt=yes
ac_cv_header_dlfcn_h=yes
ac_cv_header_float_h=yes
ac_cv_header_inttypes_h=yes
ac_cv_header_limits_h=yes
ac_cv_header_memory_h=yes
ac_cv_header_qhull_qhull_a_h=no
ac_cv_header_stdbool_h=yes
ac_cv_header_stdc=yes
ac_cv_header_stdint_h=yes
ac_cv_header_stdlib_h=yes
ac_cv_header_string_h=yes
ac_cv_header_strings_h=yes
ac_cv_header_sys_stat_h=yes
ac_cv_header_sys_types_h=yes
ac_cv_header_unistd_h=yes
ac_cv_host=i686-pc-linux
ac_cv_host_alias=i686-pc-linux
ac_cv_lib_glut_glutInit=yes
ac_cv_lib_qhull_qh_qhull=no
ac_cv_objext=o
ac_cv_path_install='/usr/bin/install -c'
ac_cv_prog_AWK=gawk
ac_cv_prog_CPP='gcc -E'
ac_cv_prog_CXXCPP='g++ -E'
ac_cv_prog_ac_ct_AR=ar
ac_cv_prog_ac_ct_CC=gcc
ac_cv_prog_ac_ct_CXX=g++
ac_cv_prog_ac_ct_F77=g77
ac_cv_prog_ac_ct_RANLIB=ranlib
ac_cv_prog_ac_ct_STRIP=strip
ac_cv_prog_cc_g=yes
ac_cv_prog_cc_stdc=
ac_cv_prog_cxx_g=yes
ac_cv_prog_egrep='grep -E'
ac_cv_prog_f77_g=yes
ac_cv_prog_make_make_set=yes
ac_cv_type__Bool=yes
ac_cv_type_size_t=yes
am_cv_CC_dependencies_compiler_type=gcc3
am_cv_CXX_dependencies_compiler_type=gcc3
lt_cv_deplibs_check_method=pass_all
lt_cv_file_magic_cmd='$MAGIC_CMD'
lt_cv_file_magic_test_file=
lt_cv_ld_reload_flag=-r
lt_cv_objdir=.libs
lt_cv_path_LD=/usr/bin/ld
lt_cv_path_LDCXX=/usr/bin/ld
lt_cv_path_NM='/usr/bin/nm -B'
lt_cv_path_SED=/bin/sed
lt_cv_prog_compiler_c_o=yes
lt_cv_prog_compiler_c_o_CXX=yes
lt_cv_prog_compiler_c_o_F77=yes
lt_cv_prog_compiler_rtti_exceptions=no
lt_cv_prog_gnu_ld=yes
lt_cv_prog_gnu_ldcxx=yes
lt_cv_sys_global_symbol_pipe='sed -n -e '\''s/^.*[ 	]\([ABCDGIRSTW][ABCDGIRSTW]*\)[ 	][ 	]*\([_A-Za-z][_A-Za-z0-9]*\)$/\1 \2 \2/p'\'''
lt_cv_sys_global_symbol_to_c_name_address='sed -n -e '\''s/^: \([^ ]*\) $/  {\"\1\", (lt_ptr) 0},/p'\'' -e '\''s/^[BCDEGRST] \([^ ]*\) \([^ ]*\)$/  {"\2", (lt_ptr) \&\2},/p'\'''
lt_cv_sys_global_symbol_to_cdecl='sed -n -e '\''s/^. .* \(.*\)$/extern int \1;/p'\'''
lt_cv_sys_max_cmd_len=32768
lt_lt_cv_prog_compiler_c_o='"yes"'
lt_lt_cv_prog_compiler_c_o_CXX='"yes"'
lt_lt_cv_prog_compiler_c_o_F77='"yes"'
lt_lt_cv_sys_global_symbol_pipe='"sed -n -e '\''s/^.*[ 	]\\([ABCDGIRSTW][ABCDGIRSTW]*\\)[ 	][ 	]*\\([_A-Za-z][_A-Za-z0-9]*\\)\$/\\1 \\2 \\2/p'\''"'
lt_lt_cv_sys_global_symbol_to_c_name_address='"sed -n -e '\''s/^: \\([^ ]*\\) \$/  {\\\"\\1\\\", (lt_ptr) 0},/p'\'' -e '\''s/^[BCDEGRST] \\([^ ]*\\) \\([^ ]*\\)\$/  {\"\\2\", (lt_ptr) \\&\\2},/p'\''"'
lt_lt_cv_sys_global_symbol_to_cdecl='"sed -n -e '\''s/^. .* \\(.*\\)\$/extern int \\1;/p'\''"'

## ----------------- ##
## Output variables. ##
## ----------------- ##

ACLOCAL='${SHELL} /users/antonk/testSOLIDcommit/utils/geom/CD-libs/solid-3.5.6/missing --run aclocal-1.9'
AMDEPBACKSLASH='\'
AMDEP_FALSE='#'
AMDEP_TRUE=''
AMTAR='${SHELL} /users/antonk/testSOLIDcommit/utils/geom/CD-libs/solid-3.5.6/missing --run tar'
AR='ar'
AUTOCONF='${SHELL} /users/antonk/testSOLIDcommit/utils/geom/CD-libs/solid-3.5.6/missing --run autoconf'
AUTOHEADER='${SHELL} /users/antonk/testSOLIDcommit/utils/geom/CD-libs/solid-3.5.6/missing --run autoheader'
AUTOMAKE='${SHELL} /users/antonk/testSOLIDcommit/utils/geom/CD-libs/solid-3.5.6/missing --run automake-1.9'
AWK='gawk'
CC='gcc'
CCDEPMODE='depmode=gcc3'
CFLAGS='-O2 -fno-gcse -DNDEBUG'
CPP='gcc -E'
CPPFLAGS=''
CXX='g++'
CXXCPP='g++ -E'
CXXDEPMODE='depmode=gcc3'
CXXFLAGS='-O2 -fno-gcse -DNDEBUG'
CYGPATH_W='echo'
DEFS='-DHAVE_CONFIG_H'
DEPDIR='.deps'
DOUBLES_FLAG=''
ECHO='echo'
ECHO_C=''
ECHO_N='-n'
ECHO_T=''
EGREP='grep -E'
EXEEXT=''
F77='g77'
FFLAGS='-g -O2'
INSTALL_DATA='${INSTALL} -m 644'
INSTALL_PROGRAM='${INSTALL}'
INSTALL_SCRIPT='${INSTALL}'
INSTALL_STRIP_PROGRAM='${SHELL} $(install_sh) -c -s'
LDFLAGS=''
LIBOBJS=''
LIBS='-lglut '
LIBTOOL='$(SHELL) $(top_builddir)/libtool'
LN_S='ln -s'
LTLIBOBJS=''
MAKEINFO='${SHELL} /users/antonk/testSOLIDcommit/utils/geom/CD-libs/solid-3.5.6/missing --run makeinfo'
OBJEXT='o'
PACKAGE='solid'
PACKAGE_BUGREPORT=''
PACKAGE_NAME='SOLID'
PACKAGE_STRING='SOLID 3.5'
PACKAGE_TARNAME='solid'
PACKAGE_VERSION='3.5'
PATH_SEPARATOR=':'
QHULL_LIBS=''
RANLIB='ranlib'
SET_MAKE=''
SHELL='/bin/sh'
STRIP='strip'
TRACER_FLAG=''
VERSION='3.5'
ac_ct_AR='ar'
ac_ct_CC='gcc'
ac_ct_CXX='g++'
ac_ct_F77='g77'
ac_ct_RANLIB='ranlib'
ac_ct_STRIP='strip'
am__fastdepCC_FALSE='#'
am__fastdepCC_TRUE=''
am__fastdepCXX_FALSE='#'
am__fastdepCXX_TRUE=''
am__include='include'
am__leading_dot='.'
am__quote=''
am__tar='${AMTAR} chof - "$$tardir"'
am__untar='${AMTAR} xf -'
bindir='${exec_prefix}/bin'
build='i686-pc-linux'
build_alias=''
build_cpu='i686'
build_os='linux'
build_vendor='pc'
datadir='${prefix}/share'
exec_prefix='/users/antonk/testSOLIDcommit/utils/geom/CD-libs/solid-3.5.6'
host='i686-pc-linux'
host_alias=''
host_cpu='i686'
host_os='linux'
host_vendor='pc'
includedir='${prefix}/include'
infodir='${prefix}/info'
install_sh='/users/antonk/testSOLIDcommit/utils/geom/CD-libs/solid-3.5.6/install-sh'
libdir='${exec_prefix}/lib'
libexecdir='${exec_prefix}/libexec'
localstatedir='${prefix}/var'
mandir='${prefix}/man'
mkdir_p='mkdir -p --'
oldincludedir='/usr/include'
prefix='/users/antonk/testSOLIDcommit/utils/geom/CD-libs/solid-3.5.6'
program_transform_name='s,x,x,'
sbindir='${exec_prefix}/sbin'
sharedstatedir='${prefix}/com'
sysconfdir='${prefix}/etc'
target_alias=''

## ----------- ##
## confdefs.h. ##
## ----------- ##

#define HAVE_DLFCN_H 1
#define HAVE_FLOAT_H 1
#define HAVE_INTTYPES_H 1
#define HAVE_LIBGLUT 1
#define HAVE_LIMITS_H 1
#define HAVE_MEMORY_H 1
#define HAVE_MEMSET 1
#define HAVE_SQRT 1
#define HAVE_STDBOOL_H 1
#define HAVE_STDINT_H 1
#define HAVE_STDLIB_H 1
#define HAVE_STDLIB_H 1
#define HAVE_STRINGS_H 1
#define HAVE_STRING_H 1
#define HAVE_STRING_H 1
#define HAVE_SYS_STAT_H 1
#define HAVE_SYS_TYPES_H 1
#define HAVE_UNISTD_H 1
#define HAVE__BOOL 1
#define PACKAGE "solid"
#define PACKAGE_BUGREPORT ""
#define PACKAGE_NAME "SOLID"
#define PACKAGE_STRING "SOLID 3.5"
#define PACKAGE_TARNAME "solid"
#define PACKAGE_VERSION "3.5"
#define STDC_HEADERS 1
#define STDC_HEADERS 1
#define VERSION "3.5"
#endif
#ifdef __cplusplus
extern "C" void std::exit (int) throw (); using std::exit;

configure: exit 0

## ---------------------- ##
## Running config.status. ##
## ---------------------- ##

This file was extended by SOLID config.status 3.5, which was
generated by GNU Autoconf 2.59.  Invocation command line was

  CONFIG_FILES    = 
  CONFIG_HEADERS  = 
  CONFIG_LINKS    = 
  CONFIG_COMMANDS = 
  $ ./config.status include/config.h

on matlock

config.status:830: creating include/config.h
config.status:958: include/config.h is unchanged
